<?xml version="1.0" encoding="UTF-8"?>
<!-- Generated by org.testng.reporters.JUnitXMLReporter -->
<testsuite ignored="0" hostname="LAPTOP-K0FI96QS" failures="0" tests="4" name="ChromeTest" time="66.421" errors="0" timestamp="2025-09-02T12:13:58 IST">
  <testcase classname="TestCases.TC_002_AccountLogin" name="verifylogin" time="7.323"/>
  <testcase classname="TestCases.TC_002_AccountLogin" name="verifylogin" time="7.788"/>
  <testcase classname="TestCases.TC_002_AccountLogin" name="verifylogin" time="9.807"/>
  <testcase classname="TestCases.TC_002_AccountLogin" name="verifylogin" time="7.513"/>
</testsuite> <!-- ChromeTest -->
