<?xml version="1.0" encoding="UTF-8"?>
<!-- Generated by org.testng.reporters.JUnitXMLReporter -->
<testsuite ignored="2" hostname="LAPTOP-K0FI96QS" failures="0" tests="5" name="Test" time="97.293" errors="0" timestamp="2025-09-02T14:34:39 IST">
  <testcase classname="TestCases.TC_001_AccountRegistration" name="verifyaccountregistration" time="10.047"/>
  <testcase classname="TestCases.TC_002_AccountLogin" name="verifylogin" time="6.135"/>
  <testcase classname="TestCases.TC_002_AccountLogin" name="verifylogin" time="8.449"/>
  <testcase classname="TestCases.TC_002_AccountLogin" name="verifylogin" time="8.462"/>
  <testcase classname="TestCases.TC_002_AccountLogin" name="verifylogin" time="7.351"/>
  <testcase classname="TestBase.BaseClass" name="@AfterSuite tearDownReport" time="0.0">
    <ignored/>
  </testcase> <!-- @AfterSuite tearDownReport -->
  <testcase classname="TestBase.BaseClass" name="@BeforeSuite reportSetup" time="0.0">
    <ignored/>
  </testcase> <!-- @BeforeSuite reportSetup -->
</testsuite> <!-- Test -->
