<?xml version="1.0" encoding="UTF-8"?>
<testng-results ignored="0" total="5" passed="5" failed="0" skipped="0">
  <reporter-output>
  </reporter-output>
  <suite started-at="2025-09-02T14:32:59 IST" name="Suite" finished-at="2025-09-02T14:34:37 IST" duration-ms="97293">
    <groups>
      <group name="ddt">
        <method signature="TC_002_AccountLogin.verifylogin(java.lang.String,java.lang.String,java.lang.String)[pri:0, instance:TestCases.TC_002_AccountLogin@79179359]" name="verifylogin" class="TestCases.TC_002_AccountLogin"/>
      </group> <!-- ddt -->
      <group name="regression">
        <method signature="TC_002_AccountLogin.verifylogin(java.lang.String,java.lang.String,java.lang.String)[pri:0, instance:TestCases.TC_002_AccountLogin@79179359]" name="verifylogin" class="TestCases.TC_002_AccountLogin"/>
      </group> <!-- regression -->
      <group name="sanity">
        <method signature="TC_001_AccountRegistration.verifyaccountregistration()[pri:0, instance:TestCases.TC_001_AccountRegistration@1afdd473]" name="verifyaccountregistration" class="TestCases.TC_001_AccountRegistration"/>
      </group> <!-- sanity -->
      <group name="master">
        <method signature="TC_001_AccountRegistration.verifyaccountregistration()[pri:0, instance:TestCases.TC_001_AccountRegistration@1afdd473]" name="verifyaccountregistration" class="TestCases.TC_001_AccountRegistration"/>
        <method signature="TC_002_AccountLogin.verifylogin(java.lang.String,java.lang.String,java.lang.String)[pri:0, instance:TestCases.TC_002_AccountLogin@79179359]" name="verifylogin" class="TestCases.TC_002_AccountLogin"/>
      </group> <!-- master -->
    </groups>
    <test started-at="2025-09-02T14:32:59 IST" name="Test" finished-at="2025-09-02T14:34:37 IST" duration-ms="97293">
      <class name="TestCases.TC_002_AccountLogin">
        <test-method is-config="true" signature="setup(java.lang.String,java.lang.String)[pri:0, instance:TestCases.TC_002_AccountLogin@79179359]" started-at="2025-09-02T14:33:41 IST" name="setup" finished-at="2025-09-02T14:34:05 IST" duration-ms="24698" status="PASS">
          <params>
            <param index="0">
              <value>
                <![CDATA[windows]]>
              </value>
            </param>
            <param index="1">
              <value>
                <![CDATA[chrome]]>
              </value>
            </param>
          </params>
          <reporter-output>
          </reporter-output>
        </test-method> <!-- setup -->
        <test-method signature="verifylogin(java.lang.String,java.lang.String,java.lang.String)[pri:0, instance:TestCases.TC_002_AccountLogin@79179359]" started-at="2025-09-02T14:34:05 IST" name="verifylogin" data-provider="dp" finished-at="2025-09-02T14:34:12 IST" duration-ms="6135" status="PASS">
          <params>
            <param index="0">
              <value>
                <![CDATA[aniketp10091999@gmail.com]]>
              </value>
            </param>
            <param index="1">
              <value>
                <![CDATA[aniket10091999]]>
              </value>
            </param>
            <param index="2">
              <value>
                <![CDATA[Valid]]>
              </value>
            </param>
          </params>
          <reporter-output>
          </reporter-output>
        </test-method> <!-- verifylogin -->
        <test-method signature="verifylogin(java.lang.String,java.lang.String,java.lang.String)[pri:0, instance:TestCases.TC_002_AccountLogin@79179359]" started-at="2025-09-02T14:34:12 IST" name="verifylogin" data-provider="dp" finished-at="2025-09-02T14:34:20 IST" duration-ms="8449" status="PASS">
          <params>
            <param index="0">
              <value>
                <![CDATA[wrongemail@gmail.com]]>
              </value>
            </param>
            <param index="1">
              <value>
                <![CDATA[wrongpass]]>
              </value>
            </param>
            <param index="2">
              <value>
                <![CDATA[Invalid]]>
              </value>
            </param>
          </params>
          <reporter-output>
          </reporter-output>
        </test-method> <!-- verifylogin -->
        <test-method signature="verifylogin(java.lang.String,java.lang.String,java.lang.String)[pri:0, instance:TestCases.TC_002_AccountLogin@79179359]" started-at="2025-09-02T14:34:20 IST" name="verifylogin" data-provider="dp" finished-at="2025-09-02T14:34:29 IST" duration-ms="8462" status="PASS">
          <params>
            <param index="0">
              <value>
                <![CDATA[aniketp10091999@gmail.com]]>
              </value>
            </param>
            <param index="1">
              <value>
                <![CDATA[wrongpass]]>
              </value>
            </param>
            <param index="2">
              <value>
                <![CDATA[Invalid]]>
              </value>
            </param>
          </params>
          <reporter-output>
          </reporter-output>
        </test-method> <!-- verifylogin -->
        <test-method signature="verifylogin(java.lang.String,java.lang.String,java.lang.String)[pri:0, instance:TestCases.TC_002_AccountLogin@79179359]" started-at="2025-09-02T14:34:29 IST" name="verifylogin" data-provider="dp" finished-at="2025-09-02T14:34:36 IST" duration-ms="7351" status="PASS">
          <params>
            <param index="0">
              <value>
                <![CDATA[anotherwrong@gmail.com]]>
              </value>
            </param>
            <param index="1">
              <value>
                <![CDATA[test123]]>
              </value>
            </param>
            <param index="2">
              <value>
                <![CDATA[Invalid]]>
              </value>
            </param>
          </params>
          <reporter-output>
          </reporter-output>
        </test-method> <!-- verifylogin -->
        <test-method is-config="true" signature="close()[pri:0, instance:TestCases.TC_002_AccountLogin@79179359]" started-at="2025-09-02T14:34:36 IST" name="close" finished-at="2025-09-02T14:34:37 IST" duration-ms="845" status="PASS">
          <reporter-output>
          </reporter-output>
        </test-method> <!-- close -->
      </class> <!-- TestCases.TC_002_AccountLogin -->
      <class name="TestCases.TC_001_AccountRegistration">
        <test-method is-config="true" signature="reportSetup()[pri:0, instance:TestCases.TC_001_AccountRegistration@1afdd473]" started-at="2025-09-02T14:32:58 IST" name="reportSetup" finished-at="2025-09-02T14:32:59 IST" duration-ms="1203" status="PASS">
          <reporter-output>
          </reporter-output>
        </test-method> <!-- reportSetup -->
        <test-method is-config="true" signature="setup(java.lang.String,java.lang.String)[pri:0, instance:TestCases.TC_001_AccountRegistration@1afdd473]" started-at="2025-09-02T14:33:00 IST" name="setup" finished-at="2025-09-02T14:33:29 IST" duration-ms="29697" status="PASS">
          <params>
            <param index="0">
              <value>
                <![CDATA[windows]]>
              </value>
            </param>
            <param index="1">
              <value>
                <![CDATA[chrome]]>
              </value>
            </param>
          </params>
          <reporter-output>
          </reporter-output>
        </test-method> <!-- setup -->
        <test-method signature="verifyaccountregistration()[pri:0, instance:TestCases.TC_001_AccountRegistration@1afdd473]" started-at="2025-09-02T14:33:30 IST" name="verifyaccountregistration" finished-at="2025-09-02T14:33:40 IST" duration-ms="10047" status="PASS">
          <reporter-output>
          </reporter-output>
        </test-method> <!-- verifyaccountregistration -->
        <test-method is-config="true" signature="close()[pri:0, instance:TestCases.TC_001_AccountRegistration@1afdd473]" started-at="2025-09-02T14:33:40 IST" name="close" finished-at="2025-09-02T14:33:41 IST" duration-ms="1083" status="PASS">
          <reporter-output>
          </reporter-output>
        </test-method> <!-- close -->
        <test-method is-config="true" signature="tearDownReport()[pri:0, instance:TestCases.TC_001_AccountRegistration@1afdd473]" started-at="2025-09-02T14:34:39 IST" name="tearDownReport" finished-at="2025-09-02T14:34:39 IST" duration-ms="62" status="PASS">
          <reporter-output>
          </reporter-output>
        </test-method> <!-- tearDownReport -->
      </class> <!-- TestCases.TC_001_AccountRegistration -->
    </test> <!-- Test -->
  </suite> <!-- Suite -->
</testng-results>
