<?xml version="1.0" encoding="UTF-8"?>
<testng-results ignored="0" total="1" passed="1" failed="0" skipped="0">
  <reporter-output>
  </reporter-output>
  <suite started-at="2025-09-02T12:55:57 IST" name="Failed suite [Suite]" finished-at="2025-09-02T12:56:21 IST" duration-ms="23113">
    <groups>
      <group name="ddt">
        <method signature="TC_002_AccountLogin.verifylogin(java.lang.String,java.lang.String,java.lang.String)[pri:0, instance:TestCases.TC_002_AccountLogin@4097cac]" name="verifylogin" class="TestCases.TC_002_AccountLogin"/>
      </group> <!-- ddt -->
      <group name="regression">
        <method signature="TC_002_AccountLogin.verifylogin(java.lang.String,java.lang.String,java.lang.String)[pri:0, instance:TestCases.TC_002_AccountLogin@4097cac]" name="verifylogin" class="TestCases.TC_002_AccountLogin"/>
      </group> <!-- regression -->
      <group name="master">
        <method signature="TC_002_AccountLogin.verifylogin(java.lang.String,java.lang.String,java.lang.String)[pri:0, instance:TestCases.TC_002_AccountLogin@4097cac]" name="verifylogin" class="TestCases.TC_002_AccountLogin"/>
      </group> <!-- master -->
    </groups>
    <test started-at="2025-09-02T12:55:57 IST" name="Test(failed)" finished-at="2025-09-02T12:56:21 IST" duration-ms="23113">
      <class name="TestCases.TC_002_AccountLogin">
        <test-method is-config="true" signature="reportSetup()[pri:0, instance:TestCases.TC_002_AccountLogin@4097cac]" started-at="2025-09-02T12:55:56 IST" name="reportSetup" finished-at="2025-09-02T12:55:57 IST" duration-ms="1105" status="PASS">
          <reporter-output>
          </reporter-output>
        </test-method> <!-- reportSetup -->
        <test-method is-config="true" signature="setup(java.lang.String,java.lang.String)[pri:0, instance:TestCases.TC_002_AccountLogin@4097cac]" started-at="2025-09-02T12:55:58 IST" name="setup" finished-at="2025-09-02T12:56:14 IST" duration-ms="16222" status="PASS">
          <params>
            <param index="0">
              <value>
                <![CDATA[windows]]>
              </value>
            </param>
            <param index="1">
              <value>
                <![CDATA[chrome]]>
              </value>
            </param>
          </params>
          <reporter-output>
          </reporter-output>
        </test-method> <!-- setup -->
        <test-method signature="verifylogin(java.lang.String,java.lang.String,java.lang.String)[pri:0, instance:TestCases.TC_002_AccountLogin@4097cac]" started-at="2025-09-02T12:56:14 IST" name="verifylogin" data-provider="dp" finished-at="2025-09-02T12:56:19 IST" duration-ms="4952" status="PASS">
          <params>
            <param index="0">
              <value>
                <![CDATA[aniketp10091999@gmail.com]]>
              </value>
            </param>
            <param index="1">
              <value>
                <![CDATA[aniket10091999]]>
              </value>
            </param>
            <param index="2">
              <value>
                <![CDATA[Valid]]>
              </value>
            </param>
          </params>
          <reporter-output>
          </reporter-output>
        </test-method> <!-- verifylogin -->
        <test-method is-config="true" signature="close()[pri:0, instance:TestCases.TC_002_AccountLogin@4097cac]" started-at="2025-09-02T12:56:19 IST" name="close" finished-at="2025-09-02T12:56:21 IST" duration-ms="1753" status="PASS">
          <reporter-output>
          </reporter-output>
        </test-method> <!-- close -->
        <test-method is-config="true" signature="tearDownReport()[pri:0, instance:TestCases.TC_002_AccountLogin@4097cac]" started-at="2025-09-02T12:56:22 IST" name="tearDownReport" finished-at="2025-09-02T12:56:22 IST" duration-ms="41" status="PASS">
          <reporter-output>
          </reporter-output>
        </test-method> <!-- tearDownReport -->
      </class> <!-- TestCases.TC_002_AccountLogin -->
    </test> <!-- Test(failed) -->
  </suite> <!-- Failed suite [Suite] -->
</testng-results>
